Mono path[0] = 'C:/Program Files (x86)/Steam/steamapps/common/Valheim/valheim_Data/Managed'
Mono config path = 'C:/Program Files (x86)/Steam/steamapps/common/Valheim/MonoBleedingEdge/etc'
Initialize engine version: 2019.4.20f1 (6dd1c08eedfa)
[Subsystems] Discovering subsystems at path C:/Program Files (x86)/Steam/steamapps/common/Valheim/valheim_Data/UnitySubsystems
GfxDevice: creating device client; threaded=1
Direct3D:
    Version:  Direct3D 11.0 [level 11.1]
    Renderer: NVIDIA GeForce RTX 3080 (ID=0x2206)
    Vendor:   
    VRAM:     10077 MB
    Driver:   27.21.14.6089
Begin MonoManager ReloadAssembly
- Completed reload, in  0.090 seconds
D3D11 device created for Microsoft Media Foundation video decoding.
<RI> Initializing input.
<RI> Input initialized.
<RI> Initialized touch support.
UnloadTime: 0.587800 ms
03/09/2021 07:42:00: Starting to load scene:start
 
(Filename: C:\buildslave\unity\build\Runtime/Export/Debug/Debug.bindings.h Line: 35)

Unloading 6 Unused Serialized files (Serialized files now loaded: 0)
Setting up 16 worker threads for Enlighten.
  Thread -> id: e18 -> priority: 1 
  Thread -> id: 47b0 -> priority: 1 
  Thread -> id: 8fe4 -> priority: 1 
  Thread -> id: 4a70 -> priority: 1 
  Thread -> id: 7664 -> priority: 1 
  Thread -> id: 7450 -> priority: 1 
  Thread -> id: 877c -> priority: 1 
  Thread -> id: 45c8 -> priority: 1 
  Thread -> id: 809c -> priority: 1 
  Thread -> id: 873c -> priority: 1 
  Thread -> id: 800c -> priority: 1 
  Thread -> id: 8068 -> priority: 1 
  Thread -> id: 3344 -> priority: 1 
UnloadTime: 3.698000 ms
  Thread -> id: 81d8 -> priority: 1 
  Thread -> id: 8c70 -> priority: 1 
  Thread -> id: 5d7c -> priority: 1 
Only custom filters can be played. Please add a custom filter or an audioclip to the audiosource (Amb_MainMenu). 
(Filename:  Line: 509)

03/09/2021 07:42:07: Initializing world generator seed: ( 0 )   menu:True  worldgen version:1
 
(Filename: C:\buildslave\unity\build\Runtime/Export/Debug/Debug.bindings.h Line: 35)

03/09/2021 07:42:07: Using mountain distance: 1000
 
(Filename: C:\buildslave\unity\build\Runtime/Export/Debug/Debug.bindings.h Line: 35)

03/09/2021 07:42:07: Render threading mode:MultiThreaded
 
(Filename: C:\buildslave\unity\build\Runtime/Export/Debug/Debug.bindings.h Line: 35)

03/09/2021 07:42:07: Using environment steamid 892970
 
(Filename: C:\buildslave\unity\build\Runtime/Export/Debug/Debug.bindings.h Line: 35)

03/09/2021 07:42:07: Using steam APPID:892970
 
(Filename: C:\buildslave\unity\build\Runtime/Export/Debug/Debug.bindings.h Line: 35)

03/09/2021 07:42:07: Authentication:k_ESteamNetworkingAvailability_Attempting
 
(Filename: C:\buildslave\unity\build\Runtime/Export/Debug/Debug.bindings.h Line: 35)

03/09/2021 07:42:07: Steam initialized, persona:j2ugaming
 
(Filename: C:\buildslave\unity\build\Runtime/Export/Debug/Debug.bindings.h Line: 35)

03/09/2021 07:42:07: Missing audio clip in music respawn
 
(Filename: C:\buildslave\unity\build\Runtime/Export/Debug/Debug.bindings.h Line: 35)

03/09/2021 07:42:07: Checking for installed DLCs
 
(Filename: C:\buildslave\unity\build\Runtime/Export/Debug/Debug.bindings.h Line: 35)

03/09/2021 07:42:07: DLC:beta installed:False
 
(Filename: C:\buildslave\unity\build\Runtime/Export/Debug/Debug.bindings.h Line: 35)

03/09/2021 07:42:07: Builder started
 
(Filename: C:\buildslave\unity\build\Runtime/Export/Debug/Debug.bindings.h Line: 35)

03/09/2021 07:42:08: Loaded localization English
 
(Filename: C:\buildslave\unity\build\Runtime/Export/Debug/Debug.bindings.h Line: 35)

03/09/2021 07:42:08: Loaded localization English
 
(Filename: C:\buildslave\unity\build\Runtime/Export/Debug/Debug.bindings.h Line: 35)

03/09/2021 07:42:08: ARG 0 C:\Program Files (x86)\Steam\steamapps\common\Valheim\valheim.exe
 
(Filename: C:\buildslave\unity\build\Runtime/Export/Debug/Debug.bindings.h Line: 35)


Unloading 17 unused Assets to reduce memory usage. Loaded Objects now: 87732.
Total: 37.096800 ms (FindLiveObjects: 3.243400 ms CreateObjectMapping: 3.661300 ms MarkObjects: 29.967800 ms  DeleteObjects: 0.223900 ms)

03/09/2021 07:42:10: UI Group status changed Menu = True
 
(Filename: C:\buildslave\unity\build\Runtime/Export/Debug/Debug.bindings.h Line: 35)

03/09/2021 07:42:15: show character selection
 
(Filename: C:\buildslave\unity\build\Runtime/Export/Debug/Debug.bindings.h Line: 35)

03/09/2021 07:42:16: OnCharacterStart
 
(Filename: C:\buildslave\unity\build\Runtime/Export/Debug/Debug.bindings.h Line: 35)

Unloading 6 Unused Serialized files (Serialized files now loaded: 0)
UnloadTime: 6.010400 ms
03/09/2021 07:42:26: Loading player profile josh
 
(Filename: C:\buildslave\unity\build\Runtime/Export/Debug/Debug.bindings.h Line: 35)

03/09/2021 07:42:26: Zonesystem Awake 1087
 
(Filename: C:\buildslave\unity\build\Runtime/Export/Debug/Debug.bindings.h Line: 35)

03/09/2021 07:42:26: DungeonDB Awake 1087
 
(Filename: C:\buildslave\unity\build\Runtime/Export/Debug/Debug.bindings.h Line: 35)

03/09/2021 07:42:26: Steam initialized, persona:j2ugaming
 
(Filename: C:\buildslave\unity\build\Runtime/Export/Debug/Debug.bindings.h Line: 35)

03/09/2021 07:42:26: Audioman already exist, destroying self
 
(Filename: C:\buildslave\unity\build\Runtime/Export/Debug/Debug.bindings.h Line: 35)

03/09/2021 07:42:26: Checking for installed DLCs
 
(Filename: C:\buildslave\unity\build\Runtime/Export/Debug/Debug.bindings.h Line: 35)

03/09/2021 07:42:26: DLC:beta installed:False
 
(Filename: C:\buildslave\unity\build\Runtime/Export/Debug/Debug.bindings.h Line: 35)


Unloading 513 unused Assets to reduce memory usage. Loaded Objects now: 87027.
Total: 42.590300 ms (FindLiveObjects: 3.115500 ms CreateObjectMapping: 3.324200 ms MarkObjects: 32.388900 ms  DeleteObjects: 3.761400 ms)

03/09/2021 07:42:29: Zonesystem Start 1087
 
(Filename: C:\buildslave\unity\build\Runtime/Export/Debug/Debug.bindings.h Line: 35)

03/09/2021 07:42:29: DungeonDB Start 1087
 
(Filename: C:\buildslave\unity\build\Runtime/Export/Debug/Debug.bindings.h Line: 35)

03/09/2021 07:42:29: Connecting to server 73.236.117.189:2456
 
(Filename: C:\buildslave\unity\build\Runtime/Export/Debug/Debug.bindings.h Line: 35)

03/09/2021 07:42:29: Starting to connect to 73.236.117.189:2456
 
(Filename: C:\buildslave\unity\build\Runtime/Export/Debug/Debug.bindings.h Line: 35)

03/09/2021 07:42:29: Got status changed msg k_ESteamNetworkingConnectionState_Connecting
 
(Filename: C:\buildslave\unity\build\Runtime/Export/Debug/Debug.bindings.h Line: 35)

03/09/2021 07:42:29: New connection
 
(Filename: C:\buildslave\unity\build\Runtime/Export/Debug/Debug.bindings.h Line: 35)

03/09/2021 07:42:29: Got status changed msg k_ESteamNetworkingConnectionState_Connected
 
(Filename: C:\buildslave\unity\build\Runtime/Export/Debug/Debug.bindings.h Line: 35)

03/09/2021 07:42:29: Connected
 
(Filename: C:\buildslave\unity\build\Runtime/Export/Debug/Debug.bindings.h Line: 35)

03/09/2021 07:42:29: Got connection SteamID 90143823427720192
 
(Filename: C:\buildslave\unity\build\Runtime/Export/Debug/Debug.bindings.h Line: 35)

03/09/2021 07:42:34: VERSION check their:0.147.3  mine:0.147.3
 
(Filename: C:\buildslave\unity\build\Runtime/Export/Debug/Debug.bindings.h Line: 35)

03/09/2021 07:42:34: Initializing world generator seed:WTTqLbgw2B ( 1588895474 )   menu:False  worldgen version:1
 
(Filename: C:\buildslave\unity\build\Runtime/Export/Debug/Debug.bindings.h Line: 35)

03/09/2021 07:42:34: Using mountain distance: 1000
 
(Filename: C:\buildslave\unity\build\Runtime/Export/Debug/Debug.bindings.h Line: 35)

03/09/2021 07:42:34: Found 529 mountain points
 
(Filename: C:\buildslave\unity\build\Runtime/Export/Debug/Debug.bindings.h Line: 35)

03/09/2021 07:42:34: Remaining mountains:73
 
(Filename: C:\buildslave\unity\build\Runtime/Export/Debug/Debug.bindings.h Line: 35)

03/09/2021 07:42:34: Calc time 15.0028 ms
 
(Filename: C:\buildslave\unity\build\Runtime/Export/Debug/Debug.bindings.h Line: 35)

03/09/2021 07:42:34: Found 8516 lake points
 
(Filename: C:\buildslave\unity\build\Runtime/Export/Debug/Debug.bindings.h Line: 35)

03/09/2021 07:42:35: Remaining lakes:118
 
(Filename: C:\buildslave\unity\build\Runtime/Export/Debug/Debug.bindings.h Line: 35)

03/09/2021 07:42:35: Calc time 1776.8083 ms
 
(Filename: C:\buildslave\unity\build\Runtime/Export/Debug/Debug.bindings.h Line: 35)

03/09/2021 07:42:35: Rivers:147
 
(Filename: C:\buildslave\unity\build\Runtime/Export/Debug/Debug.bindings.h Line: 35)

03/09/2021 07:42:36: River buckets 14242
 
(Filename: C:\buildslave\unity\build\Runtime/Export/Debug/Debug.bindings.h Line: 35)

03/09/2021 07:42:36: River render time 161.5284 ms
 
(Filename: C:\buildslave\unity\build\Runtime/Export/Debug/Debug.bindings.h Line: 35)

03/09/2021 07:42:36: River Calc time 171.5303 ms
 
(Filename: C:\buildslave\unity\build\Runtime/Export/Debug/Debug.bindings.h Line: 35)

03/09/2021 07:42:36: River buckets 22905
 
(Filename: C:\buildslave\unity\build\Runtime/Export/Debug/Debug.bindings.h Line: 35)

03/09/2021 07:42:36: River render time 289.55 ms
 
(Filename: C:\buildslave\unity\build\Runtime/Export/Debug/Debug.bindings.h Line: 35)

03/09/2021 07:42:36: Placed 1814 streams
 
(Filename: C:\buildslave\unity\build\Runtime/Export/Debug/Debug.bindings.h Line: 35)

03/09/2021 07:42:36: Stream Calc time 685.119 ms
 
(Filename: C:\buildslave\unity\build\Runtime/Export/Debug/Debug.bindings.h Line: 35)

03/09/2021 07:42:36: client got keys 5
 
(Filename: C:\buildslave\unity\build\Runtime/Export/Debug/Debug.bindings.h Line: 35)

03/09/2021 07:42:36: client got location icons
 
(Filename: C:\buildslave\unity\build\Runtime/Export/Debug/Debug.bindings.h Line: 35)

03/09/2021 07:42:36: Icons:2
 
(Filename: C:\buildslave\unity\build\Runtime/Export/Debug/Debug.bindings.h Line: 35)

03/09/2021 07:42:36: Session auth respons callback
 
(Filename: C:\buildslave\unity\build\Runtime/Export/Debug/Debug.bindings.h Line: 35)

03/09/2021 07:42:43: Starting respawn
 
(Filename: C:\buildslave\unity\build\Runtime/Export/Debug/Debug.bindings.h Line: 35)

03/09/2021 07:42:43: tip:$loadscreen_tip10
 
(Filename: C:\buildslave\unity\build\Runtime/Export/Debug/Debug.bindings.h Line: 35)

03/09/2021 07:42:44: Force generaeting hmap (-64.0, 0.0, -64.0)
 
(Filename: C:\buildslave\unity\build\Runtime/Export/Debug/Debug.bindings.h Line: 35)

03/09/2021 07:42:46: Done fading color
 
(Filename: C:\buildslave\unity\build\Runtime/Export/Debug/Debug.bindings.h Line: 35)

03/09/2021 07:42:46: Done fading color
 
(Filename: C:\buildslave\unity\build\Runtime/Export/Debug/Debug.bindings.h Line: 35)

03/09/2021 07:42:51: Spawned after 8.019994
 
(Filename: C:\buildslave\unity\build\Runtime/Export/Debug/Debug.bindings.h Line: 35)

03/09/2021 07:42:51: Minimap: Adding unique location (-57.5, 34.5, -5.9)
 
(Filename: C:\buildslave\unity\build\Runtime/Export/Debug/Debug.bindings.h Line: 35)

03/09/2021 07:42:51: Minimap: Adding unique location (2307.5, 51.0, 381.9)
 
(Filename: C:\buildslave\unity\build\Runtime/Export/Debug/Debug.bindings.h Line: 35)

03/09/2021 07:42:52: Resumed music home at 0
 
(Filename: C:\buildslave\unity\build\Runtime/Export/Debug/Debug.bindings.h Line: 35)

03/09/2021 07:42:54: Setting selected recipe 0
 
(Filename: C:\buildslave\unity\build\Runtime/Export/Debug/Debug.bindings.h Line: 35)

03/09/2021 07:42:54: UI Group status changed root = True
 
(Filename: C:\buildslave\unity\build\Runtime/Export/Debug/Debug.bindings.h Line: 35)

03/09/2021 07:42:54: UI Group status changed Player = True
 
(Filename: C:\buildslave\unity\build\Runtime/Export/Debug/Debug.bindings.h Line: 35)

03/09/2021 07:43:04: Setting selected recipe 0
 
(Filename: C:\buildslave\unity\build\Runtime/Export/Debug/Debug.bindings.h Line: 35)

03/09/2021 07:43:05: UI Group status changed root = True
 
(Filename: C:\buildslave\unity\build\Runtime/Export/Debug/Debug.bindings.h Line: 35)

03/09/2021 07:43:05: UI Group status changed Player = True
 
(Filename: C:\buildslave\unity\build\Runtime/Export/Debug/Debug.bindings.h Line: 35)

03/09/2021 07:43:05: Stoped music home at 601171
 
(Filename: C:\buildslave\unity\build\Runtime/Export/Debug/Debug.bindings.h Line: 35)

03/09/2021 07:43:05: Resumed music home at 601171
 
(Filename: C:\buildslave\unity\build\Runtime/Export/Debug/Debug.bindings.h Line: 35)

03/09/2021 07:43:12: Stoped music home at 879647
 
(Filename: C:\buildslave\unity\build\Runtime/Export/Debug/Debug.bindings.h Line: 35)

03/09/2021 07:43:12: Resumed music home at 879647
 
(Filename: C:\buildslave\unity\build\Runtime/Export/Debug/Debug.bindings.h Line: 35)

03/09/2021 07:43:13: Player -837343758 wants to open piece_chest_wood(Clone)   im: -837343758
 
(Filename: C:\buildslave\unity\build\Runtime/Export/Debug/Debug.bindings.h Line: 35)

03/09/2021 07:43:13: Setting selected recipe 0
 
(Filename: C:\buildslave\unity\build\Runtime/Export/Debug/Debug.bindings.h Line: 35)

03/09/2021 07:43:13: UI Group status changed root = True
 
(Filename: C:\buildslave\unity\build\Runtime/Export/Debug/Debug.bindings.h Line: 35)

03/09/2021 07:43:13: UI Group status changed Player = True
 
(Filename: C:\buildslave\unity\build\Runtime/Export/Debug/Debug.bindings.h Line: 35)

03/09/2021 07:43:15: Player -837343758 wants to open piece_chest_wood(Clone)   im: -837343758
 
(Filename: C:\buildslave\unity\build\Runtime/Export/Debug/Debug.bindings.h Line: 35)

03/09/2021 07:43:15: Setting selected recipe 0
 
(Filename: C:\buildslave\unity\build\Runtime/Export/Debug/Debug.bindings.h Line: 35)

03/09/2021 07:43:15: UI Group status changed root = True
 
(Filename: C:\buildslave\unity\build\Runtime/Export/Debug/Debug.bindings.h Line: 35)

03/09/2021 07:43:15: UI Group status changed Player = True
 
(Filename: C:\buildslave\unity\build\Runtime/Export/Debug/Debug.bindings.h Line: 35)

03/09/2021 07:43:18: Player -837343758 wants to open piece_chest_wood(Clone)   im: -837343758
 
(Filename: C:\buildslave\unity\build\Runtime/Export/Debug/Debug.bindings.h Line: 35)

03/09/2021 07:43:18: Setting selected recipe 0
 
(Filename: C:\buildslave\unity\build\Runtime/Export/Debug/Debug.bindings.h Line: 35)

03/09/2021 07:43:18: UI Group status changed root = True
 
(Filename: C:\buildslave\unity\build\Runtime/Export/Debug/Debug.bindings.h Line: 35)

03/09/2021 07:43:18: UI Group status changed Player = True
 
(Filename: C:\buildslave\unity\build\Runtime/Export/Debug/Debug.bindings.h Line: 35)

03/09/2021 07:43:24: Setting selected recipe 0
 
(Filename: C:\buildslave\unity\build\Runtime/Export/Debug/Debug.bindings.h Line: 35)

03/09/2021 07:43:34: Stoped music home at 1857233
 
(Filename: C:\buildslave\unity\build\Runtime/Export/Debug/Debug.bindings.h Line: 35)

03/09/2021 07:43:34: Resumed music home at 1857233
 
(Filename: C:\buildslave\unity\build\Runtime/Export/Debug/Debug.bindings.h Line: 35)

03/09/2021 07:43:37: Player -837343758 wants to open piece_chest_wood(Clone)   im: -837343758
 
(Filename: C:\buildslave\unity\build\Runtime/Export/Debug/Debug.bindings.h Line: 35)

03/09/2021 07:43:37: Setting selected recipe 0
 
(Filename: C:\buildslave\unity\build\Runtime/Export/Debug/Debug.bindings.h Line: 35)

03/09/2021 07:43:37: UI Group status changed root = True
 
(Filename: C:\buildslave\unity\build\Runtime/Export/Debug/Debug.bindings.h Line: 35)

03/09/2021 07:43:37: UI Group status changed Player = True
 
(Filename: C:\buildslave\unity\build\Runtime/Export/Debug/Debug.bindings.h Line: 35)

03/09/2021 07:43:38: Player -837343758 wants to open piece_chest_wood(Clone)   im: -837343758
 
(Filename: C:\buildslave\unity\build\Runtime/Export/Debug/Debug.bindings.h Line: 35)

03/09/2021 07:43:38: Setting selected recipe 0
 
(Filename: C:\buildslave\unity\build\Runtime/Export/Debug/Debug.bindings.h Line: 35)

03/09/2021 07:43:38: UI Group status changed root = True
 
(Filename: C:\buildslave\unity\build\Runtime/Export/Debug/Debug.bindings.h Line: 35)

03/09/2021 07:43:38: UI Group status changed Player = True
 
(Filename: C:\buildslave\unity\build\Runtime/Export/Debug/Debug.bindings.h Line: 35)

03/09/2021 07:43:41: Item is not in this container
 
(Filename: C:\buildslave\unity\build\Runtime/Export/Debug/Debug.bindings.h Line: 35)

03/09/2021 07:43:41: Setting selected recipe 0
 
(Filename: C:\buildslave\unity\build\Runtime/Export/Debug/Debug.bindings.h Line: 35)

03/09/2021 07:43:51: Stoped music home at 2611049
 
(Filename: C:\buildslave\unity\build\Runtime/Export/Debug/Debug.bindings.h Line: 35)

03/09/2021 07:43:51: Resumed music home at 2611049
 
(Filename: C:\buildslave\unity\build\Runtime/Export/Debug/Debug.bindings.h Line: 35)

03/09/2021 07:43:52: Setting selected recipe 0
 
(Filename: C:\buildslave\unity\build\Runtime/Export/Debug/Debug.bindings.h Line: 35)

03/09/2021 07:43:52: UI Group status changed root = True
 
(Filename: C:\buildslave\unity\build\Runtime/Export/Debug/Debug.bindings.h Line: 35)

03/09/2021 07:43:52: UI Group status changed Player = True
 
(Filename: C:\buildslave\unity\build\Runtime/Export/Debug/Debug.bindings.h Line: 35)

03/09/2021 07:43:56: Stoped music home at 2816524
 
(Filename: C:\buildslave\unity\build\Runtime/Export/Debug/Debug.bindings.h Line: 35)

03/09/2021 07:43:56: Resumed music meadows at 0
 
(Filename: C:\buildslave\unity\build\Runtime/Export/Debug/Debug.bindings.h Line: 35)

03/09/2021 07:43:58: Stoped music meadows at 87945
 
(Filename: C:\buildslave\unity\build\Runtime/Export/Debug/Debug.bindings.h Line: 35)

03/09/2021 07:43:58: Resumed music home at 2816524
 
(Filename: C:\buildslave\unity\build\Runtime/Export/Debug/Debug.bindings.h Line: 35)

03/09/2021 07:44:15: TRIGGER
 
(Filename: C:\buildslave\unity\build\Runtime/Export/Debug/Debug.bindings.h Line: 35)

03/09/2021 07:44:15: Teleporting Josh
 
(Filename: C:\buildslave\unity\build\Runtime/Export/Debug/Debug.bindings.h Line: 35)

03/09/2021 07:44:28: Stoped music home at 4134898
 
(Filename: C:\buildslave\unity\build\Runtime/Export/Debug/Debug.bindings.h Line: 35)

03/09/2021 07:44:28: Resumed music blackforest at 0
 
(Filename: C:\buildslave\unity\build\Runtime/Export/Debug/Debug.bindings.h Line: 35)

03/09/2021 07:44:33: Refresh complete 9549  eServerResponded
 
(Filename: C:\buildslave\unity\build\Runtime/Export/Debug/Debug.bindings.h Line: 35)

03/09/2021 07:44:38: Setting selected recipe 0
 
(Filename: C:\buildslave\unity\build\Runtime/Export/Debug/Debug.bindings.h Line: 35)

03/09/2021 07:44:38: UI Group status changed root = True
 
(Filename: C:\buildslave\unity\build\Runtime/Export/Debug/Debug.bindings.h Line: 35)

03/09/2021 07:44:38: UI Group status changed Player = True
 
(Filename: C:\buildslave\unity\build\Runtime/Export/Debug/Debug.bindings.h Line: 35)

03/09/2021 07:44:40: Item is not in this container
 
(Filename: C:\buildslave\unity\build\Runtime/Export/Debug/Debug.bindings.h Line: 35)

03/09/2021 07:44:40: Setting selected recipe 0
 
(Filename: C:\buildslave\unity\build\Runtime/Export/Debug/Debug.bindings.h Line: 35)

03/09/2021 07:44:51: Player -837343758 wants to open piece_chest_wood(Clone)   im: -837343758
 
(Filename: C:\buildslave\unity\build\Runtime/Export/Debug/Debug.bindings.h Line: 35)

03/09/2021 07:44:51: Setting selected recipe 0
 
(Filename: C:\buildslave\unity\build\Runtime/Export/Debug/Debug.bindings.h Line: 35)

03/09/2021 07:44:51: UI Group status changed root = True
 
(Filename: C:\buildslave\unity\build\Runtime/Export/Debug/Debug.bindings.h Line: 35)

03/09/2021 07:44:51: UI Group status changed Player = True
 
(Filename: C:\buildslave\unity\build\Runtime/Export/Debug/Debug.bindings.h Line: 35)

03/09/2021 07:44:54: Player -837343758 wants to open piece_chest_wood(Clone)   im: -837343758
 
(Filename: C:\buildslave\unity\build\Runtime/Export/Debug/Debug.bindings.h Line: 35)

03/09/2021 07:44:54: Setting selected recipe 0
 
(Filename: C:\buildslave\unity\build\Runtime/Export/Debug/Debug.bindings.h Line: 35)

03/09/2021 07:44:54: UI Group status changed root = True
 
(Filename: C:\buildslave\unity\build\Runtime/Export/Debug/Debug.bindings.h Line: 35)

03/09/2021 07:44:54: UI Group status changed Player = True
 
(Filename: C:\buildslave\unity\build\Runtime/Export/Debug/Debug.bindings.h Line: 35)

03/09/2021 07:44:59: Setting selected recipe 0
 
(Filename: C:\buildslave\unity\build\Runtime/Export/Debug/Debug.bindings.h Line: 35)

03/09/2021 07:44:59: UI Group status changed root = True
 
(Filename: C:\buildslave\unity\build\Runtime/Export/Debug/Debug.bindings.h Line: 35)

03/09/2021 07:44:59: UI Group status changed Player = True
 
(Filename: C:\buildslave\unity\build\Runtime/Export/Debug/Debug.bindings.h Line: 35)

03/09/2021 07:45:02: Player -837343758 wants to open piece_chest_wood(Clone)   im: -837343758
 
(Filename: C:\buildslave\unity\build\Runtime/Export/Debug/Debug.bindings.h Line: 35)

03/09/2021 07:45:02: Setting selected recipe 0
 
(Filename: C:\buildslave\unity\build\Runtime/Export/Debug/Debug.bindings.h Line: 35)

03/09/2021 07:45:02: UI Group status changed root = True
 
(Filename: C:\buildslave\unity\build\Runtime/Export/Debug/Debug.bindings.h Line: 35)

03/09/2021 07:45:02: UI Group status changed Player = True
 
(Filename: C:\buildslave\unity\build\Runtime/Export/Debug/Debug.bindings.h Line: 35)

03/09/2021 07:45:03: Player -837343758 wants to open piece_chest_wood(Clone)   im: -837343758
 
(Filename: C:\buildslave\unity\build\Runtime/Export/Debug/Debug.bindings.h Line: 35)

03/09/2021 07:45:03: Setting selected recipe 0
 
(Filename: C:\buildslave\unity\build\Runtime/Export/Debug/Debug.bindings.h Line: 35)

03/09/2021 07:45:03: UI Group status changed root = True
 
(Filename: C:\buildslave\unity\build\Runtime/Export/Debug/Debug.bindings.h Line: 35)

03/09/2021 07:45:03: UI Group status changed Player = True
 
(Filename: C:\buildslave\unity\build\Runtime/Export/Debug/Debug.bindings.h Line: 35)

03/09/2021 07:45:04: Player -837343758 wants to open piece_chest_wood(Clone)   im: -837343758
 
(Filename: C:\buildslave\unity\build\Runtime/Export/Debug/Debug.bindings.h Line: 35)

03/09/2021 07:45:04: Setting selected recipe 0
 
(Filename: C:\buildslave\unity\build\Runtime/Export/Debug/Debug.bindings.h Line: 35)

03/09/2021 07:45:04: UI Group status changed root = True
 
(Filename: C:\buildslave\unity\build\Runtime/Export/Debug/Debug.bindings.h Line: 35)

03/09/2021 07:45:04: UI Group status changed Player = True
 
(Filename: C:\buildslave\unity\build\Runtime/Export/Debug/Debug.bindings.h Line: 35)

03/09/2021 07:45:06: Player -837343758 wants to open piece_chest_wood(Clone)   im: -837343758
 
(Filename: C:\buildslave\unity\build\Runtime/Export/Debug/Debug.bindings.h Line: 35)

03/09/2021 07:45:06: Setting selected recipe 0
 
(Filename: C:\buildslave\unity\build\Runtime/Export/Debug/Debug.bindings.h Line: 35)

03/09/2021 07:45:06: UI Group status changed root = True
 
(Filename: C:\buildslave\unity\build\Runtime/Export/Debug/Debug.bindings.h Line: 35)

03/09/2021 07:45:06: UI Group status changed Player = True
 
(Filename: C:\buildslave\unity\build\Runtime/Export/Debug/Debug.bindings.h Line: 35)

03/09/2021 07:45:07: Player -837343758 wants to open piece_chest_wood(Clone)   im: -837343758
 
(Filename: C:\buildslave\unity\build\Runtime/Export/Debug/Debug.bindings.h Line: 35)

03/09/2021 07:45:07: Setting selected recipe 0
 
(Filename: C:\buildslave\unity\build\Runtime/Export/Debug/Debug.bindings.h Line: 35)

03/09/2021 07:45:07: UI Group status changed root = True
 
(Filename: C:\buildslave\unity\build\Runtime/Export/Debug/Debug.bindings.h Line: 35)

03/09/2021 07:45:07: UI Group status changed Player = True
 
(Filename: C:\buildslave\unity\build\Runtime/Export/Debug/Debug.bindings.h Line: 35)

03/09/2021 07:45:10: Player -837343758 wants to open piece_chest_wood(Clone)   im: -837343758
 
(Filename: C:\buildslave\unity\build\Runtime/Export/Debug/Debug.bindings.h Line: 35)

03/09/2021 07:45:10: Setting selected recipe 0
 
(Filename: C:\buildslave\unity\build\Runtime/Export/Debug/Debug.bindings.h Line: 35)

03/09/2021 07:45:10: UI Group status changed root = True
 
(Filename: C:\buildslave\unity\build\Runtime/Export/Debug/Debug.bindings.h Line: 35)

03/09/2021 07:45:10: UI Group status changed Player = True
 
(Filename: C:\buildslave\unity\build\Runtime/Export/Debug/Debug.bindings.h Line: 35)

03/09/2021 07:45:11: Player -837343758 wants to open piece_chest_wood(Clone)   im: -837343758
 
(Filename: C:\buildslave\unity\build\Runtime/Export/Debug/Debug.bindings.h Line: 35)

03/09/2021 07:45:11: Setting selected recipe 0
 
(Filename: C:\buildslave\unity\build\Runtime/Export/Debug/Debug.bindings.h Line: 35)

03/09/2021 07:45:11: UI Group status changed root = True
 
(Filename: C:\buildslave\unity\build\Runtime/Export/Debug/Debug.bindings.h Line: 35)

03/09/2021 07:45:11: UI Group status changed Player = True
 
(Filename: C:\buildslave\unity\build\Runtime/Export/Debug/Debug.bindings.h Line: 35)

03/09/2021 07:45:12: Player -837343758 wants to open piece_chest_wood(Clone)   im: -837343758
 
(Filename: C:\buildslave\unity\build\Runtime/Export/Debug/Debug.bindings.h Line: 35)

03/09/2021 07:45:12: Setting selected recipe 0
 
(Filename: C:\buildslave\unity\build\Runtime/Export/Debug/Debug.bindings.h Line: 35)

03/09/2021 07:45:12: UI Group status changed root = True
 
(Filename: C:\buildslave\unity\build\Runtime/Export/Debug/Debug.bindings.h Line: 35)

03/09/2021 07:45:12: UI Group status changed Player = True
 
(Filename: C:\buildslave\unity\build\Runtime/Export/Debug/Debug.bindings.h Line: 35)

03/09/2021 07:45:13: Player -837343758 wants to open piece_chest_wood(Clone)   im: -837343758
 
(Filename: C:\buildslave\unity\build\Runtime/Export/Debug/Debug.bindings.h Line: 35)

03/09/2021 07:45:13: Setting selected recipe 0
 
(Filename: C:\buildslave\unity\build\Runtime/Export/Debug/Debug.bindings.h Line: 35)

03/09/2021 07:45:13: UI Group status changed root = True
 
(Filename: C:\buildslave\unity\build\Runtime/Export/Debug/Debug.bindings.h Line: 35)

03/09/2021 07:45:13: UI Group status changed Player = True
 
(Filename: C:\buildslave\unity\build\Runtime/Export/Debug/Debug.bindings.h Line: 35)

03/09/2021 07:45:15: Setting selected recipe 1
 
(Filename: C:\buildslave\unity\build\Runtime/Export/Debug/Debug.bindings.h Line: 35)

03/09/2021 07:45:37: Disabling PlayerBase  character_trigger
 
(Filename: C:\buildslave\unity\build\Runtime/Export/Debug/Debug.bindings.h Line: 35)

03/09/2021 07:45:38: Placed piece_workbench
 
(Filename: C:\buildslave\unity\build\Runtime/Export/Debug/Debug.bindings.h Line: 35)

03/09/2021 07:45:38: Disabling PlayerBase  character_trigger
 
(Filename: C:\buildslave\unity\build\Runtime/Export/Debug/Debug.bindings.h Line: 35)

03/09/2021 07:45:40: Disabling PlayerBase  character_trigger
 
(Filename: C:\buildslave\unity\build\Runtime/Export/Debug/Debug.bindings.h Line: 35)

03/09/2021 07:45:40: Disabling PlayerBase  character_trigger
 
(Filename: C:\buildslave\unity\build\Runtime/Export/Debug/Debug.bindings.h Line: 35)

03/09/2021 07:45:42: Disabling PlayerBase  character_trigger
 
(Filename: C:\buildslave\unity\build\Runtime/Export/Debug/Debug.bindings.h Line: 35)

03/09/2021 07:45:43: Disabling PlayerBase  character_trigger
 
(Filename: C:\buildslave\unity\build\Runtime/Export/Debug/Debug.bindings.h Line: 35)

03/09/2021 07:45:43: Disabling PlayerBase  character_trigger
 
(Filename: C:\buildslave\unity\build\Runtime/Export/Debug/Debug.bindings.h Line: 35)

03/09/2021 07:45:44: Disabling PlayerBase  character_trigger
 
(Filename: C:\buildslave\unity\build\Runtime/Export/Debug/Debug.bindings.h Line: 35)

03/09/2021 07:45:47: Disabling PlayerBase  character_trigger
 
(Filename: C:\buildslave\unity\build\Runtime/Export/Debug/Debug.bindings.h Line: 35)

03/09/2021 07:46:01: Force generaeting hmap (2368.0, 0.0, -640.0)
 
(Filename: C:\buildslave\unity\build\Runtime/Export/Debug/Debug.bindings.h Line: 35)

03/09/2021 07:46:01: Force generaeting hmap (2368.0, 0.0, -576.0)
 
(Filename: C:\buildslave\unity\build\Runtime/Export/Debug/Debug.bindings.h Line: 35)

03/09/2021 07:46:01: Force generaeting hmap (2368.0, 0.0, -704.0)
 
(Filename: C:\buildslave\unity\build\Runtime/Export/Debug/Debug.bindings.h Line: 35)

03/09/2021 07:46:15: Loading dungeon
 
(Filename: C:\buildslave\unity\build\Runtime/Export/Debug/Debug.bindings.h Line: 35)

03/09/2021 07:46:15: Dungeon loaded 30
 
(Filename: C:\buildslave\unity\build\Runtime/Export/Debug/Debug.bindings.h Line: 35)

03/09/2021 07:46:15: Dungeon load time 26.0039 ms
 
(Filename: C:\buildslave\unity\build\Runtime/Export/Debug/Debug.bindings.h Line: 35)

03/09/2021 07:46:22: Loading dungeon
 
(Filename: C:\buildslave\unity\build\Runtime/Export/Debug/Debug.bindings.h Line: 35)

03/09/2021 07:46:22: Dungeon loaded 30
 
(Filename: C:\buildslave\unity\build\Runtime/Export/Debug/Debug.bindings.h Line: 35)

03/09/2021 07:46:22: Dungeon load time 24.0042 ms
 
(Filename: C:\buildslave\unity\build\Runtime/Export/Debug/Debug.bindings.h Line: 35)

03/09/2021 07:46:23: Stoped music blackforest at 5074675
 
(Filename: C:\buildslave\unity\build\Runtime/Export/Debug/Debug.bindings.h Line: 35)

03/09/2021 07:46:23: Resumed music swamp at 0
 
(Filename: C:\buildslave\unity\build\Runtime/Export/Debug/Debug.bindings.h Line: 35)

03/09/2021 07:46:34: Loading dungeon
 
(Filename: C:\buildslave\unity\build\Runtime/Export/Debug/Debug.bindings.h Line: 35)

03/09/2021 07:46:34: Dungeon loaded 14
 
(Filename: C:\buildslave\unity\build\Runtime/Export/Debug/Debug.bindings.h Line: 35)

03/09/2021 07:46:34: Dungeon load time 9.0016 ms
 
(Filename: C:\buildslave\unity\build\Runtime/Export/Debug/Debug.bindings.h Line: 35)

03/09/2021 07:46:34: Loading dungeon
 
(Filename: C:\buildslave\unity\build\Runtime/Export/Debug/Debug.bindings.h Line: 35)

03/09/2021 07:46:34: Dungeon loaded 16
 
(Filename: C:\buildslave\unity\build\Runtime/Export/Debug/Debug.bindings.h Line: 35)

03/09/2021 07:46:34: Dungeon load time 12.0009 ms
 
(Filename: C:\buildslave\unity\build\Runtime/Export/Debug/Debug.bindings.h Line: 35)

03/09/2021 07:46:49: Setting selected recipe 1
 
(Filename: C:\buildslave\unity\build\Runtime/Export/Debug/Debug.bindings.h Line: 35)

03/09/2021 07:46:49: UI Group status changed root = True
 
(Filename: C:\buildslave\unity\build\Runtime/Export/Debug/Debug.bindings.h Line: 35)

03/09/2021 07:46:49: UI Group status changed Player = True
 
(Filename: C:\buildslave\unity\build\Runtime/Export/Debug/Debug.bindings.h Line: 35)

03/09/2021 07:47:13: Force generaeting hmap (2432.0, 0.0, -640.0)
 
(Filename: C:\buildslave\unity\build\Runtime/Export/Debug/Debug.bindings.h Line: 35)

03/09/2021 07:47:13: Force generaeting hmap (2496.0, 0.0, -640.0)
 
(Filename: C:\buildslave\unity\build\Runtime/Export/Debug/Debug.bindings.h Line: 35)

03/09/2021 07:47:13: Force generaeting hmap (2496.0, 0.0, -576.0)
 
(Filename: C:\buildslave\unity\build\Runtime/Export/Debug/Debug.bindings.h Line: 35)

03/09/2021 07:47:13: Loading dungeon
 
(Filename: C:\buildslave\unity\build\Runtime/Export/Debug/Debug.bindings.h Line: 35)

03/09/2021 07:47:13: Dungeon loaded 20
 
(Filename: C:\buildslave\unity\build\Runtime/Export/Debug/Debug.bindings.h Line: 35)

03/09/2021 07:47:13: Dungeon load time 18.004 ms
 
(Filename: C:\buildslave\unity\build\Runtime/Export/Debug/Debug.bindings.h Line: 35)

03/09/2021 07:47:25: Loading dungeon
 
(Filename: C:\buildslave\unity\build\Runtime/Export/Debug/Debug.bindings.h Line: 35)

03/09/2021 07:47:25: Dungeon loaded 30
 
(Filename: C:\buildslave\unity\build\Runtime/Export/Debug/Debug.bindings.h Line: 35)

03/09/2021 07:47:25: Dungeon load time 24.5045 ms
 
(Filename: C:\buildslave\unity\build\Runtime/Export/Debug/Debug.bindings.h Line: 35)

03/09/2021 07:47:25: Force generaeting hmap (2432.0, 0.0, -768.0)
 
(Filename: C:\buildslave\unity\build\Runtime/Export/Debug/Debug.bindings.h Line: 35)

03/09/2021 07:47:50: Stoped music swamp at 3844147
 
(Filename: C:\buildslave\unity\build\Runtime/Export/Debug/Debug.bindings.h Line: 35)

03/09/2021 07:47:54: Spawned BlobElite x 1
 
(Filename: C:\buildslave\unity\build\Runtime/Export/Debug/Debug.bindings.h Line: 35)

03/09/2021 07:48:23: Loading dungeon
 
(Filename: C:\buildslave\unity\build\Runtime/Export/Debug/Debug.bindings.h Line: 35)

03/09/2021 07:48:23: Dungeon loaded 20
 
(Filename: C:\buildslave\unity\build\Runtime/Export/Debug/Debug.bindings.h Line: 35)

03/09/2021 07:48:23: Dungeon load time 18.0036 ms
 
(Filename: C:\buildslave\unity\build\Runtime/Export/Debug/Debug.bindings.h Line: 35)

03/09/2021 07:48:23: Force generaeting hmap (2432.0, 0.0, -640.0)
 
(Filename: C:\buildslave\unity\build\Runtime/Export/Debug/Debug.bindings.h Line: 35)

03/09/2021 07:48:23: Force generaeting hmap (2496.0, 0.0, -640.0)
 
(Filename: C:\buildslave\unity\build\Runtime/Export/Debug/Debug.bindings.h Line: 35)

03/09/2021 07:48:36: Resumed music swamp at 3844147
 
(Filename: C:\buildslave\unity\build\Runtime/Export/Debug/Debug.bindings.h Line: 35)

03/09/2021 07:49:24: Poison damage: 58.8381 ttl:18.15198 hits:18 dmg perhit:3.268783
 
(Filename: C:\buildslave\unity\build\Runtime/Export/Debug/Debug.bindings.h Line: 35)

03/09/2021 07:49:56: Disabling PlayerBase  character_trigger
 
(Filename: C:\buildslave\unity\build\Runtime/Export/Debug/Debug.bindings.h Line: 35)

03/09/2021 07:49:57: Placed piece_workbench
 
(Filename: C:\buildslave\unity\build\Runtime/Export/Debug/Debug.bindings.h Line: 35)

03/09/2021 07:49:57: Disabling PlayerBase  character_trigger
 
(Filename: C:\buildslave\unity\build\Runtime/Export/Debug/Debug.bindings.h Line: 35)

03/09/2021 07:50:10: Placed wood_floor
 
(Filename: C:\buildslave\unity\build\Runtime/Export/Debug/Debug.bindings.h Line: 35)

03/09/2021 07:50:24: Setting selected recipe 1
 
(Filename: C:\buildslave\unity\build\Runtime/Export/Debug/Debug.bindings.h Line: 35)

03/09/2021 07:50:24: UI Group status changed root = True
 
(Filename: C:\buildslave\unity\build\Runtime/Export/Debug/Debug.bindings.h Line: 35)

03/09/2021 07:50:24: UI Group status changed Player = True
 
(Filename: C:\buildslave\unity\build\Runtime/Export/Debug/Debug.bindings.h Line: 35)

03/09/2021 07:50:37: Spawned Wraith x 1
 
(Filename: C:\buildslave\unity\build\Runtime/Export/Debug/Debug.bindings.h Line: 35)

03/09/2021 07:50:55: Disabling jump_trigger  character_trigger
 
(Filename: C:\buildslave\unity\build\Runtime/Export/Debug/Debug.bindings.h Line: 35)

03/09/2021 07:50:55: Disabling jump_trigger (1)  character_trigger
 
(Filename: C:\buildslave\unity\build\Runtime/Export/Debug/Debug.bindings.h Line: 35)

03/09/2021 07:50:55: Disabling jump_trigger (2)  character_trigger
 
(Filename: C:\buildslave\unity\build\Runtime/Export/Debug/Debug.bindings.h Line: 35)

03/09/2021 07:51:01: Placed wood_stepladder
 
(Filename: C:\buildslave\unity\build\Runtime/Export/Debug/Debug.bindings.h Line: 35)

03/09/2021 07:51:01: Disabling jump_trigger  character_trigger
 
(Filename: C:\buildslave\unity\build\Runtime/Export/Debug/Debug.bindings.h Line: 35)

03/09/2021 07:51:01: Disabling jump_trigger (1)  character_trigger
 
(Filename: C:\buildslave\unity\build\Runtime/Export/Debug/Debug.bindings.h Line: 35)

03/09/2021 07:51:01: Disabling jump_trigger (2)  character_trigger
 
(Filename: C:\buildslave\unity\build\Runtime/Export/Debug/Debug.bindings.h Line: 35)

03/09/2021 07:51:05: Placed wood_stepladder
 
(Filename: C:\buildslave\unity\build\Runtime/Export/Debug/Debug.bindings.h Line: 35)

03/09/2021 07:51:05: Disabling jump_trigger  character_trigger
 
(Filename: C:\buildslave\unity\build\Runtime/Export/Debug/Debug.bindings.h Line: 35)

03/09/2021 07:51:05: Disabling jump_trigger (1)  character_trigger
 
(Filename: C:\buildslave\unity\build\Runtime/Export/Debug/Debug.bindings.h Line: 35)

03/09/2021 07:51:05: Disabling jump_trigger (2)  character_trigger
 
(Filename: C:\buildslave\unity\build\Runtime/Export/Debug/Debug.bindings.h Line: 35)

03/09/2021 07:51:18: Placed wood_stepladder
 
(Filename: C:\buildslave\unity\build\Runtime/Export/Debug/Debug.bindings.h Line: 35)

03/09/2021 07:51:18: Disabling jump_trigger  character_trigger
 
(Filename: C:\buildslave\unity\build\Runtime/Export/Debug/Debug.bindings.h Line: 35)

03/09/2021 07:51:18: Disabling jump_trigger (1)  character_trigger
 
(Filename: C:\buildslave\unity\build\Runtime/Export/Debug/Debug.bindings.h Line: 35)

03/09/2021 07:51:18: Disabling jump_trigger (2)  character_trigger
 
(Filename: C:\buildslave\unity\build\Runtime/Export/Debug/Debug.bindings.h Line: 35)

03/09/2021 07:51:30: Placed wood_floor
 
(Filename: C:\buildslave\unity\build\Runtime/Export/Debug/Debug.bindings.h Line: 35)

03/09/2021 07:51:35: Disabling jump_trigger  character_trigger
 
(Filename: C:\buildslave\unity\build\Runtime/Export/Debug/Debug.bindings.h Line: 35)

03/09/2021 07:51:35: Disabling jump_trigger (1)  character_trigger
 
(Filename: C:\buildslave\unity\build\Runtime/Export/Debug/Debug.bindings.h Line: 35)

03/09/2021 07:51:35: Disabling jump_trigger (2)  character_trigger
 
(Filename: C:\buildslave\unity\build\Runtime/Export/Debug/Debug.bindings.h Line: 35)

03/09/2021 07:51:39: Placed wood_stepladder
 
(Filename: C:\buildslave\unity\build\Runtime/Export/Debug/Debug.bindings.h Line: 35)

03/09/2021 07:51:39: Disabling jump_trigger  character_trigger
 
(Filename: C:\buildslave\unity\build\Runtime/Export/Debug/Debug.bindings.h Line: 35)

03/09/2021 07:51:39: Disabling jump_trigger (1)  character_trigger
 
(Filename: C:\buildslave\unity\build\Runtime/Export/Debug/Debug.bindings.h Line: 35)

03/09/2021 07:51:39: Disabling jump_trigger (2)  character_trigger
 
(Filename: C:\buildslave\unity\build\Runtime/Export/Debug/Debug.bindings.h Line: 35)

03/09/2021 07:51:43: Disabling jump_trigger  character_trigger
 
(Filename: C:\buildslave\unity\build\Runtime/Export/Debug/Debug.bindings.h Line: 35)

03/09/2021 07:51:43: Disabling jump_trigger (1)  character_trigger
 
(Filename: C:\buildslave\unity\build\Runtime/Export/Debug/Debug.bindings.h Line: 35)

03/09/2021 07:51:43: Disabling jump_trigger (2)  character_trigger
 
(Filename: C:\buildslave\unity\build\Runtime/Export/Debug/Debug.bindings.h Line: 35)

Unloading 6 Unused Serialized files (Serialized files now loaded: 0)

Unloading 3625 unused Assets to reduce memory usage. Loaded Objects now: 1193011.
Total: 300.122000 ms (FindLiveObjects: 67.178800 ms CreateObjectMapping: 14.152300 ms MarkObjects: 210.483000 ms  DeleteObjects: 8.307300 ms)

03/09/2021 07:53:17: Disabling jump_trigger  character_trigger
 
(Filename: C:\buildslave\unity\build\Runtime/Export/Debug/Debug.bindings.h Line: 35)

03/09/2021 07:53:17: Disabling jump_trigger (1)  character_trigger
 
(Filename: C:\buildslave\unity\build\Runtime/Export/Debug/Debug.bindings.h Line: 35)

03/09/2021 07:53:17: Disabling jump_trigger (2)  character_trigger
 
(Filename: C:\buildslave\unity\build\Runtime/Export/Debug/Debug.bindings.h Line: 35)

03/09/2021 07:53:20: Disabling jump_trigger  character_trigger
 
(Filename: C:\buildslave\unity\build\Runtime/Export/Debug/Debug.bindings.h Line: 35)

03/09/2021 07:53:20: Disabling jump_trigger (1)  character_trigger
 
(Filename: C:\buildslave\unity\build\Runtime/Export/Debug/Debug.bindings.h Line: 35)

03/09/2021 07:53:20: Disabling jump_trigger (2)  character_trigger
 
(Filename: C:\buildslave\unity\build\Runtime/Export/Debug/Debug.bindings.h Line: 35)

03/09/2021 07:53:30: Placed wood_stepladder
 
(Filename: C:\buildslave\unity\build\Runtime/Export/Debug/Debug.bindings.h Line: 35)

03/09/2021 07:53:30: Disabling jump_trigger  character_trigger
 
(Filename: C:\buildslave\unity\build\Runtime/Export/Debug/Debug.bindings.h Line: 35)

03/09/2021 07:53:30: Disabling jump_trigger (1)  character_trigger
 
(Filename: C:\buildslave\unity\build\Runtime/Export/Debug/Debug.bindings.h Line: 35)

03/09/2021 07:53:30: Disabling jump_trigger (2)  character_trigger
 
(Filename: C:\buildslave\unity\build\Runtime/Export/Debug/Debug.bindings.h Line: 35)

03/09/2021 07:53:44: Disabling jump_trigger  character_trigger
 
(Filename: C:\buildslave\unity\build\Runtime/Export/Debug/Debug.bindings.h Line: 35)

03/09/2021 07:53:44: Disabling jump_trigger (1)  character_trigger
 
(Filename: C:\buildslave\unity\build\Runtime/Export/Debug/Debug.bindings.h Line: 35)

03/09/2021 07:53:44: Disabling jump_trigger (2)  character_trigger
 
(Filename: C:\buildslave\unity\build\Runtime/Export/Debug/Debug.bindings.h Line: 35)

03/09/2021 07:53:50: Placed wood_floor
 
(Filename: C:\buildslave\unity\build\Runtime/Export/Debug/Debug.bindings.h Line: 35)

03/09/2021 07:54:01: Spawned Wraith x 1
 
(Filename: C:\buildslave\unity\build\Runtime/Export/Debug/Debug.bindings.h Line: 35)

03/09/2021 07:54:16: Placed wood_floor
 
(Filename: C:\buildslave\unity\build\Runtime/Export/Debug/Debug.bindings.h Line: 35)

03/09/2021 07:54:24: Placed wood_floor
 
(Filename: C:\buildslave\unity\build\Runtime/Export/Debug/Debug.bindings.h Line: 35)

03/09/2021 07:54:55: Setting selected recipe 1
 
(Filename: C:\buildslave\unity\build\Runtime/Export/Debug/Debug.bindings.h Line: 35)

03/09/2021 07:54:55: UI Group status changed root = True
 
(Filename: C:\buildslave\unity\build\Runtime/Export/Debug/Debug.bindings.h Line: 35)

03/09/2021 07:54:55: UI Group status changed Player = True
 
(Filename: C:\buildslave\unity\build\Runtime/Export/Debug/Debug.bindings.h Line: 35)

03/09/2021 07:55:05: Disabling jump_trigger  character_trigger
 
(Filename: C:\buildslave\unity\build\Runtime/Export/Debug/Debug.bindings.h Line: 35)

03/09/2021 07:55:05: Disabling jump_trigger (1)  character_trigger
 
(Filename: C:\buildslave\unity\build\Runtime/Export/Debug/Debug.bindings.h Line: 35)

03/09/2021 07:55:05: Disabling jump_trigger (2)  character_trigger
 
(Filename: C:\buildslave\unity\build\Runtime/Export/Debug/Debug.bindings.h Line: 35)

03/09/2021 07:55:06: Setting selected recipe 1
 
(Filename: C:\buildslave\unity\build\Runtime/Export/Debug/Debug.bindings.h Line: 35)

03/09/2021 07:55:06: UI Group status changed root = True
 
(Filename: C:\buildslave\unity\build\Runtime/Export/Debug/Debug.bindings.h Line: 35)

03/09/2021 07:55:06: UI Group status changed Player = True
 
(Filename: C:\buildslave\unity\build\Runtime/Export/Debug/Debug.bindings.h Line: 35)

03/09/2021 07:55:13: Placed wood_stepladder
 
(Filename: C:\buildslave\unity\build\Runtime/Export/Debug/Debug.bindings.h Line: 35)

03/09/2021 07:55:13: Disabling jump_trigger  character_trigger
 
(Filename: C:\buildslave\unity\build\Runtime/Export/Debug/Debug.bindings.h Line: 35)

03/09/2021 07:55:13: Disabling jump_trigger (1)  character_trigger
 
(Filename: C:\buildslave\unity\build\Runtime/Export/Debug/Debug.bindings.h Line: 35)

03/09/2021 07:55:13: Disabling jump_trigger (2)  character_trigger
 
(Filename: C:\buildslave\unity\build\Runtime/Export/Debug/Debug.bindings.h Line: 35)

03/09/2021 07:55:24: Placed wood_floor
 
(Filename: C:\buildslave\unity\build\Runtime/Export/Debug/Debug.bindings.h Line: 35)

03/09/2021 07:55:30: Disabling jump_trigger  character_trigger
 
(Filename: C:\buildslave\unity\build\Runtime/Export/Debug/Debug.bindings.h Line: 35)

03/09/2021 07:55:30: Disabling jump_trigger (1)  character_trigger
 
(Filename: C:\buildslave\unity\build\Runtime/Export/Debug/Debug.bindings.h Line: 35)

03/09/2021 07:55:30: Disabling jump_trigger (2)  character_trigger
 
(Filename: C:\buildslave\unity\build\Runtime/Export/Debug/Debug.bindings.h Line: 35)

03/09/2021 07:55:34: Placed wood_stepladder
 
(Filename: C:\buildslave\unity\build\Runtime/Export/Debug/Debug.bindings.h Line: 35)

03/09/2021 07:55:34: Disabling jump_trigger  character_trigger
 
(Filename: C:\buildslave\unity\build\Runtime/Export/Debug/Debug.bindings.h Line: 35)

03/09/2021 07:55:34: Disabling jump_trigger (1)  character_trigger
 
(Filename: C:\buildslave\unity\build\Runtime/Export/Debug/Debug.bindings.h Line: 35)

03/09/2021 07:55:34: Disabling jump_trigger (2)  character_trigger
 
(Filename: C:\buildslave\unity\build\Runtime/Export/Debug/Debug.bindings.h Line: 35)

03/09/2021 07:55:42: Placed wood_floor
 
(Filename: C:\buildslave\unity\build\Runtime/Export/Debug/Debug.bindings.h Line: 35)

03/09/2021 07:55:45: Disabling jump_trigger  character_trigger
 
(Filename: C:\buildslave\unity\build\Runtime/Export/Debug/Debug.bindings.h Line: 35)

03/09/2021 07:55:45: Disabling jump_trigger (1)  character_trigger
 
(Filename: C:\buildslave\unity\build\Runtime/Export/Debug/Debug.bindings.h Line: 35)

03/09/2021 07:55:45: Disabling jump_trigger (2)  character_trigger
 
(Filename: C:\buildslave\unity\build\Runtime/Export/Debug/Debug.bindings.h Line: 35)

03/09/2021 07:55:47: Placed wood_stepladder
 
(Filename: C:\buildslave\unity\build\Runtime/Export/Debug/Debug.bindings.h Line: 35)

03/09/2021 07:55:47: Disabling jump_trigger  character_trigger
 
(Filename: C:\buildslave\unity\build\Runtime/Export/Debug/Debug.bindings.h Line: 35)

03/09/2021 07:55:47: Disabling jump_trigger (1)  character_trigger
 
(Filename: C:\buildslave\unity\build\Runtime/Export/Debug/Debug.bindings.h Line: 35)

03/09/2021 07:55:47: Disabling jump_trigger (2)  character_trigger
 
(Filename: C:\buildslave\unity\build\Runtime/Export/Debug/Debug.bindings.h Line: 35)

03/09/2021 07:55:56: Placed wood_floor
 
(Filename: C:\buildslave\unity\build\Runtime/Export/Debug/Debug.bindings.h Line: 35)

03/09/2021 07:56:07: Disabling jump_trigger  character_trigger
 
(Filename: C:\buildslave\unity\build\Runtime/Export/Debug/Debug.bindings.h Line: 35)

03/09/2021 07:56:07: Disabling jump_trigger (1)  character_trigger
 
(Filename: C:\buildslave\unity\build\Runtime/Export/Debug/Debug.bindings.h Line: 35)

03/09/2021 07:56:07: Disabling jump_trigger (2)  character_trigger
 
(Filename: C:\buildslave\unity\build\Runtime/Export/Debug/Debug.bindings.h Line: 35)

03/09/2021 07:56:09: Placed wood_stepladder
 
(Filename: C:\buildslave\unity\build\Runtime/Export/Debug/Debug.bindings.h Line: 35)

03/09/2021 07:56:09: Disabling jump_trigger  character_trigger
 
(Filename: C:\buildslave\unity\build\Runtime/Export/Debug/Debug.bindings.h Line: 35)

03/09/2021 07:56:09: Disabling jump_trigger (1)  character_trigger
 
(Filename: C:\buildslave\unity\build\Runtime/Export/Debug/Debug.bindings.h Line: 35)

03/09/2021 07:56:09: Disabling jump_trigger (2)  character_trigger
 
(Filename: C:\buildslave\unity\build\Runtime/Export/Debug/Debug.bindings.h Line: 35)

03/09/2021 07:56:17: Placed wood_floor
 
(Filename: C:\buildslave\unity\build\Runtime/Export/Debug/Debug.bindings.h Line: 35)

03/09/2021 07:56:33: Placed wood_floor
 
(Filename: C:\buildslave\unity\build\Runtime/Export/Debug/Debug.bindings.h Line: 35)

03/09/2021 07:56:45: Placed wood_floor
 
(Filename: C:\buildslave\unity\build\Runtime/Export/Debug/Debug.bindings.h Line: 35)

03/09/2021 07:56:50: Setting selected recipe 1
 
(Filename: C:\buildslave\unity\build\Runtime/Export/Debug/Debug.bindings.h Line: 35)

03/09/2021 07:56:50: UI Group status changed root = True
 
(Filename: C:\buildslave\unity\build\Runtime/Export/Debug/Debug.bindings.h Line: 35)

03/09/2021 07:56:50: UI Group status changed Player = True
 
(Filename: C:\buildslave\unity\build\Runtime/Export/Debug/Debug.bindings.h Line: 35)

03/09/2021 07:56:51: Stoped music swamp at 12061557
 
(Filename: C:\buildslave\unity\build\Runtime/Export/Debug/Debug.bindings.h Line: 35)

03/09/2021 07:56:58: Setting selected recipe 1
 
(Filename: C:\buildslave\unity\build\Runtime/Export/Debug/Debug.bindings.h Line: 35)

03/09/2021 07:56:58: UI Group status changed root = True
 
(Filename: C:\buildslave\unity\build\Runtime/Export/Debug/Debug.bindings.h Line: 35)

03/09/2021 07:56:58: UI Group status changed Player = True
 
(Filename: C:\buildslave\unity\build\Runtime/Export/Debug/Debug.bindings.h Line: 35)

03/09/2021 07:57:25: Resumed music swamp at 12061557
 
(Filename: C:\buildslave\unity\build\Runtime/Export/Debug/Debug.bindings.h Line: 35)

03/09/2021 07:57:30: Setting selected recipe 1
 
(Filename: C:\buildslave\unity\build\Runtime/Export/Debug/Debug.bindings.h Line: 35)

03/09/2021 07:57:30: UI Group status changed root = True
 
(Filename: C:\buildslave\unity\build\Runtime/Export/Debug/Debug.bindings.h Line: 35)

03/09/2021 07:57:30: UI Group status changed Player = True
 
(Filename: C:\buildslave\unity\build\Runtime/Export/Debug/Debug.bindings.h Line: 35)

03/09/2021 07:57:40: Loading dungeon
 
(Filename: C:\buildslave\unity\build\Runtime/Export/Debug/Debug.bindings.h Line: 35)

03/09/2021 07:57:40: Dungeon loaded 30
 
(Filename: C:\buildslave\unity\build\Runtime/Export/Debug/Debug.bindings.h Line: 35)

03/09/2021 07:57:40: Dungeon load time 25.5049 ms
 
(Filename: C:\buildslave\unity\build\Runtime/Export/Debug/Debug.bindings.h Line: 35)

03/09/2021 07:57:40: Force generaeting hmap (2432.0, 0.0, -768.0)
 
(Filename: C:\buildslave\unity\build\Runtime/Export/Debug/Debug.bindings.h Line: 35)

03/09/2021 07:57:43: Im still nto the owner
 
(Filename: C:\buildslave\unity\build\Runtime/Export/Debug/Debug.bindings.h Line: 35)

03/09/2021 07:57:43: Im still nto the owner
 
(Filename: C:\buildslave\unity\build\Runtime/Export/Debug/Debug.bindings.h Line: 35)

03/09/2021 07:57:44: Im still nto the owner
 
(Filename: C:\buildslave\unity\build\Runtime/Export/Debug/Debug.bindings.h Line: 35)

03/09/2021 07:57:44: Im still nto the owner
 
(Filename: C:\buildslave\unity\build\Runtime/Export/Debug/Debug.bindings.h Line: 35)

03/09/2021 07:57:44: Im still nto the owner
 
(Filename: C:\buildslave\unity\build\Runtime/Export/Debug/Debug.bindings.h Line: 35)

03/09/2021 07:57:44: Im still nto the owner
 
(Filename: C:\buildslave\unity\build\Runtime/Export/Debug/Debug.bindings.h Line: 35)

03/09/2021 07:57:44: Im finally the owner
 
(Filename: C:\buildslave\unity\build\Runtime/Export/Debug/Debug.bindings.h Line: 35)

03/09/2021 07:57:49: Spawned Skeleton x 3
 
(Filename: C:\buildslave\unity\build\Runtime/Export/Debug/Debug.bindings.h Line: 35)

03/09/2021 07:57:52: Force generaeting hmap (2496.0, 0.0, -768.0)
 
(Filename: C:\buildslave\unity\build\Runtime/Export/Debug/Debug.bindings.h Line: 35)

03/09/2021 07:57:52: Force generaeting hmap (2560.0, 0.0, -768.0)
 
(Filename: C:\buildslave\unity\build\Runtime/Export/Debug/Debug.bindings.h Line: 35)

03/09/2021 07:58:08: Left click
 
(Filename: C:\buildslave\unity\build\Runtime/Export/Debug/Debug.bindings.h Line: 35)

03/09/2021 07:58:10: Right click
 
(Filename: C:\buildslave\unity\build\Runtime/Export/Debug/Debug.bindings.h Line: 35)

03/09/2021 07:58:12: Left click
 
(Filename: C:\buildslave\unity\build\Runtime/Export/Debug/Debug.bindings.h Line: 35)

03/09/2021 07:58:37: Loading dungeon
 
(Filename: C:\buildslave\unity\build\Runtime/Export/Debug/Debug.bindings.h Line: 35)

03/09/2021 07:58:37: Dungeon loaded 26
 
(Filename: C:\buildslave\unity\build\Runtime/Export/Debug/Debug.bindings.h Line: 35)

03/09/2021 07:58:37: Dungeon load time 20.0031 ms
 
(Filename: C:\buildslave\unity\build\Runtime/Export/Debug/Debug.bindings.h Line: 35)

03/09/2021 07:58:49: Left click
 
(Filename: C:\buildslave\unity\build\Runtime/Export/Debug/Debug.bindings.h Line: 35)

03/09/2021 07:58:57: Force generaeting hmap (2560.0, 0.0, -704.0)
 
(Filename: C:\buildslave\unity\build\Runtime/Export/Debug/Debug.bindings.h Line: 35)

03/09/2021 07:58:57: Force generaeting hmap (2624.0, 0.0, -704.0)
 
(Filename: C:\buildslave\unity\build\Runtime/Export/Debug/Debug.bindings.h Line: 35)

03/09/2021 07:58:59: Loading dungeon
 
(Filename: C:\buildslave\unity\build\Runtime/Export/Debug/Debug.bindings.h Line: 35)

03/09/2021 07:58:59: Dungeon loaded 27
 
(Filename: C:\buildslave\unity\build\Runtime/Export/Debug/Debug.bindings.h Line: 35)

03/09/2021 07:58:59: Dungeon load time 20.0031 ms
 
(Filename: C:\buildslave\unity\build\Runtime/Export/Debug/Debug.bindings.h Line: 35)

03/09/2021 07:59:19: Force generaeting hmap (2688.0, 0.0, -640.0)
 
(Filename: C:\buildslave\unity\build\Runtime/Export/Debug/Debug.bindings.h Line: 35)

03/09/2021 07:59:33: Setting selected recipe 1
 
(Filename: C:\buildslave\unity\build\Runtime/Export/Debug/Debug.bindings.h Line: 35)

03/09/2021 07:59:33: UI Group status changed root = True
 
(Filename: C:\buildslave\unity\build\Runtime/Export/Debug/Debug.bindings.h Line: 35)

03/09/2021 07:59:33: UI Group status changed Player = True
 
(Filename: C:\buildslave\unity\build\Runtime/Export/Debug/Debug.bindings.h Line: 35)

03/09/2021 07:59:44: Loading dungeon
 
(Filename: C:\buildslave\unity\build\Runtime/Export/Debug/Debug.bindings.h Line: 35)

03/09/2021 07:59:45: Dungeon loaded 20
 
(Filename: C:\buildslave\unity\build\Runtime/Export/Debug/Debug.bindings.h Line: 35)

03/09/2021 07:59:45: Dungeon load time 18.0031 ms
 
(Filename: C:\buildslave\unity\build\Runtime/Export/Debug/Debug.bindings.h Line: 35)

03/09/2021 07:59:51: Left click
 
(Filename: C:\buildslave\unity\build\Runtime/Export/Debug/Debug.bindings.h Line: 35)

03/09/2021 07:59:55: Right click
 
(Filename: C:\buildslave\unity\build\Runtime/Export/Debug/Debug.bindings.h Line: 35)

03/09/2021 08:00:10: Setting selected recipe 1
 
(Filename: C:\buildslave\unity\build\Runtime/Export/Debug/Debug.bindings.h Line: 35)

03/09/2021 08:00:10: UI Group status changed root = True
 
(Filename: C:\buildslave\unity\build\Runtime/Export/Debug/Debug.bindings.h Line: 35)

03/09/2021 08:00:10: UI Group status changed Player = True
 
(Filename: C:\buildslave\unity\build\Runtime/Export/Debug/Debug.bindings.h Line: 35)

03/09/2021 08:00:23: Force generaeting hmap (2432.0, 0.0, -768.0)
 
(Filename: C:\buildslave\unity\build\Runtime/Export/Debug/Debug.bindings.h Line: 35)

03/09/2021 08:00:23: Loading dungeon
 
(Filename: C:\buildslave\unity\build\Runtime/Export/Debug/Debug.bindings.h Line: 35)

03/09/2021 08:00:23: Dungeon loaded 16
 
(Filename: C:\buildslave\unity\build\Runtime/Export/Debug/Debug.bindings.h Line: 35)

03/09/2021 08:00:23: Dungeon load time 12.0022 ms
 
(Filename: C:\buildslave\unity\build\Runtime/Export/Debug/Debug.bindings.h Line: 35)

03/09/2021 08:00:24: Loading dungeon
 
(Filename: C:\buildslave\unity\build\Runtime/Export/Debug/Debug.bindings.h Line: 35)

03/09/2021 08:00:24: Dungeon loaded 14
 
(Filename: C:\buildslave\unity\build\Runtime/Export/Debug/Debug.bindings.h Line: 35)

03/09/2021 08:00:24: Dungeon load time 9.0012 ms
 
(Filename: C:\buildslave\unity\build\Runtime/Export/Debug/Debug.bindings.h Line: 35)

03/09/2021 08:00:30: Right back item MaceIron
 
(Filename: C:\buildslave\unity\build\Runtime/Export/Debug/Debug.bindings.h Line: 35)

03/09/2021 08:00:31: Setting selected recipe 1
 
(Filename: C:\buildslave\unity\build\Runtime/Export/Debug/Debug.bindings.h Line: 35)

03/09/2021 08:00:31: UI Group status changed root = True
 
(Filename: C:\buildslave\unity\build\Runtime/Export/Debug/Debug.bindings.h Line: 35)

03/09/2021 08:00:31: UI Group status changed Player = True
 
(Filename: C:\buildslave\unity\build\Runtime/Export/Debug/Debug.bindings.h Line: 35)

03/09/2021 08:00:41: Loading dungeon
 
(Filename: C:\buildslave\unity\build\Runtime/Export/Debug/Debug.bindings.h Line: 35)

03/09/2021 08:00:41: Dungeon loaded 30
 
(Filename: C:\buildslave\unity\build\Runtime/Export/Debug/Debug.bindings.h Line: 35)

03/09/2021 08:00:41: Dungeon load time 28.505 ms
 
(Filename: C:\buildslave\unity\build\Runtime/Export/Debug/Debug.bindings.h Line: 35)

03/09/2021 08:00:41: Force generaeting hmap (2432.0, 0.0, -768.0)
 
(Filename: C:\buildslave\unity\build\Runtime/Export/Debug/Debug.bindings.h Line: 35)

03/09/2021 08:00:41: Force generaeting hmap (2432.0, 0.0, -704.0)
 
(Filename: C:\buildslave\unity\build\Runtime/Export/Debug/Debug.bindings.h Line: 35)

03/09/2021 08:00:41: Force generaeting hmap (2368.0, 0.0, -768.0)
 
(Filename: C:\buildslave\unity\build\Runtime/Export/Debug/Debug.bindings.h Line: 35)

03/09/2021 08:00:41: Force generaeting hmap (2368.0, 0.0, -704.0)
 
(Filename: C:\buildslave\unity\build\Runtime/Export/Debug/Debug.bindings.h Line: 35)

03/09/2021 08:00:41: Force generaeting hmap (2368.0, 0.0, -640.0)
 
(Filename: C:\buildslave\unity\build\Runtime/Export/Debug/Debug.bindings.h Line: 35)

03/09/2021 08:00:59: Loading dungeon
 
(Filename: C:\buildslave\unity\build\Runtime/Export/Debug/Debug.bindings.h Line: 35)

03/09/2021 08:00:59: Dungeon loaded 26
 
(Filename: C:\buildslave\unity\build\Runtime/Export/Debug/Debug.bindings.h Line: 35)

03/09/2021 08:00:59: Dungeon load time 20.5038 ms
 
(Filename: C:\buildslave\unity\build\Runtime/Export/Debug/Debug.bindings.h Line: 35)

03/09/2021 08:02:23: Spawned Blob x 1
 
(Filename: C:\buildslave\unity\build\Runtime/Export/Debug/Debug.bindings.h Line: 35)

03/09/2021 08:02:38: Stoped music swamp at 12250470
 
(Filename: C:\buildslave\unity\build\Runtime/Export/Debug/Debug.bindings.h Line: 35)

Unloading 0 Unused Serialized files (Serialized files now loaded: 0)

Unloading 2604 unused Assets to reduce memory usage. Loaded Objects now: 1245843.
Total: 313.682100 ms (FindLiveObjects: 69.776500 ms CreateObjectMapping: 14.384600 ms MarkObjects: 224.013300 ms  DeleteObjects: 5.506600 ms)

03/09/2021 08:02:47: Stoped music meadows at 365365
 
(Filename: C:\buildslave\unity\build\Runtime/Export/Debug/Debug.bindings.h Line: 35)

03/09/2021 08:02:47: Resumed music swamp at 12250470
 
(Filename: C:\buildslave\unity\build\Runtime/Export/Debug/Debug.bindings.h Line: 35)

03/09/2021 08:02:59: Stoped music swamp at 12775914
 
(Filename: C:\buildslave\unity\build\Runtime/Export/Debug/Debug.bindings.h Line: 35)

03/09/2021 08:03:00: Poison damage: 26.12101 ttl:6.110872 hits:6 dmg perhit:4.353502
 
(Filename: C:\buildslave\unity\build\Runtime/Export/Debug/Debug.bindings.h Line: 35)

03/09/2021 08:03:02: Poison damage: 32.93641 ttl:6.739025 hits:6 dmg perhit:5.489401
 
(Filename: C:\buildslave\unity\build\Runtime/Export/Debug/Debug.bindings.h Line: 35)

03/09/2021 08:03:11: Setting selected recipe 1
 
(Filename: C:\buildslave\unity\build\Runtime/Export/Debug/Debug.bindings.h Line: 35)

03/09/2021 08:03:11: UI Group status changed root = True
 
(Filename: C:\buildslave\unity\build\Runtime/Export/Debug/Debug.bindings.h Line: 35)

03/09/2021 08:03:11: UI Group status changed Player = True
 
(Filename: C:\buildslave\unity\build\Runtime/Export/Debug/Debug.bindings.h Line: 35)

03/09/2021 08:03:14: Setting selected recipe 1
 
(Filename: C:\buildslave\unity\build\Runtime/Export/Debug/Debug.bindings.h Line: 35)

03/09/2021 08:03:14: UI Group status changed root = True
 
(Filename: C:\buildslave\unity\build\Runtime/Export/Debug/Debug.bindings.h Line: 35)

03/09/2021 08:03:14: UI Group status changed Player = True
 
(Filename: C:\buildslave\unity\build\Runtime/Export/Debug/Debug.bindings.h Line: 35)

03/09/2021 08:03:23: TRIGGER
 
(Filename: C:\buildslave\unity\build\Runtime/Export/Debug/Debug.bindings.h Line: 35)

03/09/2021 08:03:23: Teleporting Josh
 
(Filename: C:\buildslave\unity\build\Runtime/Export/Debug/Debug.bindings.h Line: 35)

03/09/2021 08:03:30: Done fading color
 
(Filename: C:\buildslave\unity\build\Runtime/Export/Debug/Debug.bindings.h Line: 35)

03/09/2021 08:03:30: Done fading color
 
(Filename: C:\buildslave\unity\build\Runtime/Export/Debug/Debug.bindings.h Line: 35)

03/09/2021 08:03:35: Stoped music blackforest at 1616294
 
(Filename: C:\buildslave\unity\build\Runtime/Export/Debug/Debug.bindings.h Line: 35)

03/09/2021 08:03:35: Resumed music meadows at 365365
 
(Filename: C:\buildslave\unity\build\Runtime/Export/Debug/Debug.bindings.h Line: 35)

03/09/2021 08:03:40: UI Group status changed MenuRoot = False
 
(Filename: C:\buildslave\unity\build\Runtime/Export/Debug/Debug.bindings.h Line: 35)

03/09/2021 08:03:41: Game - OnApplicationQuit
 
(Filename: C:\buildslave\unity\build\Runtime/Export/Debug/Debug.bindings.h Line: 35)

03/09/2021 08:03:41: ZNet Shutdown
 
(Filename: C:\buildslave\unity\build\Runtime/Export/Debug/Debug.bindings.h Line: 35)

03/09/2021 08:03:41: Flushed 22 objects
 
(Filename: C:\buildslave\unity\build\Runtime/Export/Debug/Debug.bindings.h Line: 35)

03/09/2021 08:03:41: Sending disconnect msg
 
(Filename: C:\buildslave\unity\build\Runtime/Export/Debug/Debug.bindings.h Line: 35)

03/09/2021 08:03:41: Sent to 90143823427720192
 
(Filename: C:\buildslave\unity\build\Runtime/Export/Debug/Debug.bindings.h Line: 35)

03/09/2021 08:03:41: Released session ticket
 
(Filename: C:\buildslave\unity\build\Runtime/Export/Debug/Debug.bindings.h Line: 35)

03/09/2021 08:03:41: Disposing socket
 
(Filename: C:\buildslave\unity\build\Runtime/Export/Debug/Debug.bindings.h Line: 35)

03/09/2021 08:03:41: Closing socket 90143823427720192
 
(Filename: C:\buildslave\unity\build\Runtime/Export/Debug/Debug.bindings.h Line: 35)

03/09/2021 08:03:41:   send queue size:0
 
(Filename: C:\buildslave\unity\build\Runtime/Export/Debug/Debug.bindings.h Line: 35)

03/09/2021 08:03:41: Last socket, unregistering callback
 
(Filename: C:\buildslave\unity\build\Runtime/Export/Debug/Debug.bindings.h Line: 35)

03/09/2021 08:03:41: ZSteamSocket  UnregisterGlobalCallbacks, existing sockets:0
 
(Filename: C:\buildslave\unity\build\Runtime/Export/Debug/Debug.bindings.h Line: 35)

03/09/2021 08:03:41: Disposing socket
 
(Filename: C:\buildslave\unity\build\Runtime/Export/Debug/Debug.bindings.h Line: 35)

03/09/2021 08:03:41: Last socket, unregistering callback
 
(Filename: C:\buildslave\unity\build\Runtime/Export/Debug/Debug.bindings.h Line: 35)

03/09/2021 08:03:41: ZSteamSocket  UnregisterGlobalCallbacks, existing sockets:0
 
(Filename: C:\buildslave\unity\build\Runtime/Export/Debug/Debug.bindings.h Line: 35)

03/09/2021 08:03:44: ZNet OnDestroy
 
(Filename: C:\buildslave\unity\build\Runtime/Export/Debug/Debug.bindings.h Line: 35)

03/09/2021 08:03:44: Net scene destroyed
 
(Filename: C:\buildslave\unity\build\Runtime/Export/Debug/Debug.bindings.h Line: 35)

03/09/2021 08:03:44: Steam manager on destroy
 
(Filename: C:\buildslave\unity\build\Runtime/Export/Debug/Debug.bindings.h Line: 35)

03/09/2021 08:03:45: Local player destroyed
 
(Filename: C:\buildslave\unity\build\Runtime/Export/Debug/Debug.bindings.h Line: 35)

